TN:
SF:common\commissions.js
FN:8,(anonymous_0)
FN:13,(anonymous_1)
FN:18,(anonymous_2)
FNF:3
FNH:3
FNDA:2,(anonymous_0)
FNDA:2,(anonymous_1)
FNDA:14,(anonymous_2)
DA:4,1
DA:6,1
DA:8,1
DA:9,2
DA:10,2
DA:13,1
DA:14,2
DA:15,2
DA:18,1
DA:19,14
DA:20,14
DA:21,14
DA:23,14
DA:24,14
DA:27,14
DA:34,14
LF:16
LH:16
BRDA:10,0,0,1
BRDA:10,0,1,1
BRDA:15,1,0,1
BRDA:15,1,1,1
BRDA:28,2,0,3
BRDA:28,2,1,11
BRDA:30,3,0,4
BRDA:30,3,1,7
BRF:8
BRH:8
end_of_record
TN:
SF:common\userOperations.js
FN:5,(anonymous_0)
FN:11,(anonymous_1)
FNF:2
FNH:2
FNDA:20,(anonymous_0)
FNDA:19,(anonymous_1)
DA:1,2
DA:5,2
DA:6,20
DA:7,20
DA:8,20
DA:9,20
DA:11,2
DA:12,19
LF:8
LH:8
BRDA:6,0,0,11
BRDA:6,0,1,9
BRDA:7,1,0,8
BRDA:7,1,1,12
BRDA:12,2,0,18
BRDA:12,2,1,1
BRF:6
BRH:6
end_of_record
TN:
SF:lib\utils.js
FN:3,(anonymous_0)
FN:7,(anonymous_1)
FN:17,(anonymous_2)
FNF:3
FNH:3
FNDA:4,(anonymous_0)
FNDA:2,(anonymous_1)
FNDA:2,(anonymous_2)
DA:1,1
DA:3,1
DA:4,4
DA:7,1
DA:8,2
DA:9,2
DA:10,1
DA:12,1
DA:17,1
DA:18,2
DA:19,2
DA:20,2
DA:21,1
DA:22,1
DA:24,1
LF:15
LH:15
BRDA:20,0,0,1
BRDA:20,0,1,1
BRF:2
BRH:2
end_of_record
